0 info it worked if it ends with ok
1 verbose cli [ '/usr/bin/node',
1 verbose cli   '/usr/bin/npm',
1 verbose cli   'install',
1 verbose cli   '@types/express-acl',
1 verbose cli   '--save',
1 verbose cli   '--dev' ]
2 info using npm@3.5.2
3 info using node@v8.10.0
4 warn install Usage of the `--dev` option is deprecated. Use `--only=dev` instead.
5 silly loadCurrentTree Starting
6 silly install loadCurrentTree
7 silly install readLocalPackageData
8 silly fetchPackageMetaData @types/express-acl
9 silly fetchNamedPackageData @types/express-acl
10 silly mapToRegistry name @types/express-acl
11 silly mapToRegistry scope (from package name) @types
12 verbose mapToRegistry no registry URL found in name for scope @types
13 silly mapToRegistry using default registry
14 silly mapToRegistry registry https://registry.npmjs.org/
15 silly mapToRegistry uri https://registry.npmjs.org/@types%2fexpress-acl
16 verbose request uri https://registry.npmjs.org/@types%2fexpress-acl
17 verbose request no auth needed
18 info attempt registry request try #1 at 3:35:06 AM
19 verbose request id 67682ef11662abba
20 http request GET https://registry.npmjs.org/@types%2fexpress-acl
21 http 404 https://registry.npmjs.org/@types%2fexpress-acl
22 verbose headers { date: 'Thu, 27 Dec 2018 01:35:07 GMT',
22 verbose headers   'content-type': 'application/json',
22 verbose headers   'content-length': '21',
22 verbose headers   connection: 'keep-alive',
22 verbose headers   'set-cookie':
22 verbose headers    [ '__cfduid=d1396e512a38bde2bf87ec6b1c951b3ad1545874507; expires=Fri, 27-Dec-19 01:35:07 GMT; path=/; domain=.registry.npmjs.org; HttpOnly' ],
22 verbose headers   'cf-cache-status': 'MISS',
22 verbose headers   'cf-ray': '48f80c769e81c063-MRS',
22 verbose headers   'expect-ct': 'max-age=604800, report-uri="https://report-uri.cloudflare.com/cdn-cgi/beacon/expect-ct"',
22 verbose headers   vary: 'Accept-Encoding',
22 verbose headers   server: 'cloudflare' }
23 silly get cb [ 404,
23 silly get   { date: 'Thu, 27 Dec 2018 01:35:07 GMT',
23 silly get     'content-type': 'application/json',
23 silly get     'content-length': '21',
23 silly get     connection: 'keep-alive',
23 silly get     'set-cookie':
23 silly get      [ '__cfduid=d1396e512a38bde2bf87ec6b1c951b3ad1545874507; expires=Fri, 27-Dec-19 01:35:07 GMT; path=/; domain=.registry.npmjs.org; HttpOnly' ],
23 silly get     'cf-cache-status': 'MISS',
23 silly get     'cf-ray': '48f80c769e81c063-MRS',
23 silly get     'expect-ct': 'max-age=604800, report-uri="https://report-uri.cloudflare.com/cdn-cgi/beacon/expect-ct"',
23 silly get     vary: 'Accept-Encoding',
23 silly get     server: 'cloudflare' } ]
24 silly fetchPackageMetaData Error: Not found : @types/express-acl
24 silly fetchPackageMetaData     at makeError (/usr/share/npm/node_modules/npm-registry-client/lib/request.js:264:12)
24 silly fetchPackageMetaData     at CachingRegistryClient.<anonymous> (/usr/share/npm/node_modules/npm-registry-client/lib/request.js:252:14)
24 silly fetchPackageMetaData     at Request._callback (/usr/share/npm/node_modules/npm-registry-client/lib/request.js:172:14)
24 silly fetchPackageMetaData     at Request.self.callback (/usr/share/npm/node_modules/request/request.js:198:22)
24 silly fetchPackageMetaData     at emitTwo (events.js:126:13)
24 silly fetchPackageMetaData     at Request.emit (events.js:214:7)
24 silly fetchPackageMetaData     at Request.<anonymous> (/usr/share/npm/node_modules/request/request.js:1082:10)
24 silly fetchPackageMetaData     at emitOne (events.js:121:20)
24 silly fetchPackageMetaData     at Request.emit (events.js:211:7)
24 silly fetchPackageMetaData     at IncomingMessage.<anonymous> (/usr/share/npm/node_modules/request/request.js:1009:12)
24 silly fetchPackageMetaData  error for @types/express-acl { Error: Not found : @types/express-acl
24 silly fetchPackageMetaData     at makeError (/usr/share/npm/node_modules/npm-registry-client/lib/request.js:264:12)
24 silly fetchPackageMetaData     at CachingRegistryClient.<anonymous> (/usr/share/npm/node_modules/npm-registry-client/lib/request.js:252:14)
24 silly fetchPackageMetaData     at Request._callback (/usr/share/npm/node_modules/npm-registry-client/lib/request.js:172:14)
24 silly fetchPackageMetaData     at Request.self.callback (/usr/share/npm/node_modules/request/request.js:198:22)
24 silly fetchPackageMetaData     at emitTwo (events.js:126:13)
24 silly fetchPackageMetaData     at Request.emit (events.js:214:7)
24 silly fetchPackageMetaData     at Request.<anonymous> (/usr/share/npm/node_modules/request/request.js:1082:10)
24 silly fetchPackageMetaData     at emitOne (events.js:121:20)
24 silly fetchPackageMetaData     at Request.emit (events.js:211:7)
24 silly fetchPackageMetaData     at IncomingMessage.<anonymous> (/usr/share/npm/node_modules/request/request.js:1009:12) pkgid: '@types/express-acl', statusCode: 404, code: 'E404' }
25 silly rollbackFailedOptional Starting
26 silly rollbackFailedOptional Finishing
27 silly runTopLevelLifecycles Starting
28 silly runTopLevelLifecycles Finishing
29 silly install printInstalled
30 verbose stack Error: Not found : @types/express-acl
30 verbose stack     at makeError (/usr/share/npm/node_modules/npm-registry-client/lib/request.js:264:12)
30 verbose stack     at CachingRegistryClient.<anonymous> (/usr/share/npm/node_modules/npm-registry-client/lib/request.js:252:14)
30 verbose stack     at Request._callback (/usr/share/npm/node_modules/npm-registry-client/lib/request.js:172:14)
30 verbose stack     at Request.self.callback (/usr/share/npm/node_modules/request/request.js:198:22)
30 verbose stack     at emitTwo (events.js:126:13)
30 verbose stack     at Request.emit (events.js:214:7)
30 verbose stack     at Request.<anonymous> (/usr/share/npm/node_modules/request/request.js:1082:10)
30 verbose stack     at emitOne (events.js:121:20)
30 verbose stack     at Request.emit (events.js:211:7)
30 verbose stack     at IncomingMessage.<anonymous> (/usr/share/npm/node_modules/request/request.js:1009:12)
31 verbose statusCode 404
32 verbose pkgid @types/express-acl
33 verbose cwd /home/elnady/indexGroup first month/elnady-windows/updatedInversify/v 1.1.0 - pre
34 error Linux 4.15.0-20-generic
35 error argv "/usr/bin/node" "/usr/bin/npm" "install" "@types/express-acl" "--save" "--dev"
36 error node v8.10.0
37 error npm  v3.5.2
38 error code E404
39 error 404 Not found : @types/express-acl
40 error 404
41 error 404 '@types/express-acl' is not in the npm registry.
42 error 404 You should bug the author to publish it (or use the name yourself!)
43 error 404 Note that you can also install from a
44 error 404 tarball, folder, http url, or git url.
45 verbose exit [ 1, true ]
